#
# A fatal error has been detected by the Java Runtime Environment:
#
#  SIGSEGV (0xb) at pc=0x00007fff977cc4dd, pid=20573, tid=0x0000000000000a0b
#
# JRE version: Java(TM) SE Runtime Environment (8.0_92-b14) (build 1.8.0_92-b14)
# Java VM: Java HotSpot(TM) 64-Bit Server VM (25.92-b14 mixed mode bsd-amd64 compressed oops)
# Problematic frame:
# C  [libobjc.A.dylib+0x14dd]  objc_msgSend+0x1d
#
# Failed to write core dump. Core dumps have been disabled. To enable core dumping, try "ulimit -c unlimited" before starting Java again
#
# If you would like to submit a bug report, please visit:
#   http://bugreport.java.com/bugreport/crash.jsp
# The crash happened outside the Java Virtual Machine in native code.
# See problematic frame for where to report the bug.
#

---------------  T H R E A D  ---------------

Current thread (0x00007fd8cb95b000):  JavaThread "AppKit Thread" daemon [_thread_in_native, id=2571, stack(0x00007fff581ef000,0x00007fff589ef000)]

siginfo: si_signo: 11 (SIGSEGV), si_code: 1 (SEGV_MAPERR), si_addr: 0x000007fd8cb48f80

Registers:
RAX=0x00007fd8cb48b030, RBX=0x00007fff589ea0c8, RCX=0x00007fd8cdc3c558, RDX=0x00007fd8cb52f6f0
RSP=0x00007fff589ea088, RBP=0x00007fff589ea090, RSI=0x00007fff9c02184a, RDI=0x00007fd8cb48b030
R8 =0x000000000000001f, R9 =0x00007fd8cdc40530, R10=0x00007fff9c02184a, R11=0x000007fd8cb48f68
R12=0x00007fd8cb52f6f0, R13=0x00007fd8cdc40530, R14=0x00007fd8cdc3c550, R15=0x0000000000000000
RIP=0x00007fff977cc4dd, EFLAGS=0x0000000000010202, ERR=0x0000000000000004
  TRAPNO=0x000000000000000e

Top of Stack: (sp=0x00007fff589ea088)
0x00007fff589ea088:   00007fff8e087bbc 00007fff589ea0b0
0x00007fff589ea098:   00007fff8e087b4f 0000000000000000
0x00007fff589ea0a8:   0000000000000000 00007fff589ea120
0x00007fff589ea0b8:   00007fff8e087ac7 00007fff589ea0f0
0x00007fff589ea0c8:   00007fff7d1a80a0 0000000042000000
0x00007fff589ea0d8:   00007fff8e087b10 00007fff7bec9720
0x00007fff589ea0e8:   00007fd8cdc40530 00007fd8cb52f6f0
0x00007fff589ea0f8:   00007fff589ea8c8 00007fff7bff6780
0x00007fff589ea108:   00007fff589ea8c8 00007fd8cdc40530
0x00007fff589ea118:   00007fff8e4479e2 00007fff589ea160
0x00007fff589ea128:   00007fff8e087832 00007fff589ea740
0x00007fff589ea138:   0000000000000001 00007fff7bff6780
0x00007fff589ea148:   00007fff589ea8c8 00007fff977cc4c0
0x00007fff589ea158:   00007fff8e4479e2 00007fff589ea870
0x00007fff589ea168:   00007fff8e0445e2 00007fd8cb6c6840
0x00007fff589ea178:   ffff8027349397c0 00007fff7d577d00
0x00007fff589ea188:   00007fd8cb40fd60 00007fd8cc0050b8
0x00007fff589ea198:   00007fd8cb6d5890 0000000000000000
0x00007fff589ea1a8:   0000000000000000 0000000000000000
0x00007fff589ea1b8:   00007fd8cb6d65c0 00007fff7bf06bc0
0x00007fff589ea1c8:   00007fff589ea740 0000000000000002
0x00007fff589ea1d8:   0000000000000100 00007fff589ea200
0x00007fff589ea1e8:   00007fff589ea640 0000000000000000
0x00007fff589ea1f8:   0000000000000100 00007fff589ea200
0x00007fff589ea208:   00007fff7bff6780 0000000000000000
0x00007fff589ea218:   00007fff7beca500 00007fff7bff6780
0x00007fff589ea228:   0000000000000000 00007fff7beca500
0x00007fff589ea238:   00007fff7d577d00 00007fff589ea2b0
0x00007fff589ea248:   00007fff977d32a4 0000000000000000
0x00007fff589ea258:   00007fff7d577d90 0000000100000000
0x00007fff589ea268:   0000000000000000 ffff802734984a50
0x00007fff589ea278:   00007fd8cb6d6810 00007fd8cb6d6960 

Instructions: (pc=0x00007fff977cc4dd)
0x00007fff977cc4bd:   44 00 00 48 85 ff 2e 74 62 40 f6 c7 01 2e 75 66
0x00007fff977cc4cd:   49 bb f8 ff ff ff ff 7f 00 00 4c 23 1f 49 89 f2
0x00007fff977cc4dd:   45 23 53 18 49 c1 e2 04 4d 03 53 10 49 3b 32 75
0x00007fff977cc4ed:   04 41 ff 62 08 49 83 3a 01 76 0d 49 83 c2 10 49 

Register to memory mapping:

RAX=0x00007fd8cb48b030 is an unknown value
RBX=0x00007fff589ea0c8 is pointing into the stack for thread: 0x00007fd8cb95b000
RCX=0x00007fd8cdc3c558 is an unknown value
RDX=0x00007fd8cb52f6f0 is an unknown value
RSP=0x00007fff589ea088 is pointing into the stack for thread: 0x00007fd8cb95b000
RBP=0x00007fff589ea090 is pointing into the stack for thread: 0x00007fd8cb95b000
RSI=0x00007fff9c02184a: -[NSTitlebarContainerView transparent]+0x63088 in /System/Library/Frameworks/AppKit.framework/Versions/C/AppKit at 0x00007fff9b594000
RDI=0x00007fd8cb48b030 is an unknown value
R8 =0x000000000000001f is an unknown value
R9 =0x00007fd8cdc40530 is an unknown value
R10=0x00007fff9c02184a: -[NSTitlebarContainerView transparent]+0x63088 in /System/Library/Frameworks/AppKit.framework/Versions/C/AppKit at 0x00007fff9b594000
R11=0x000007fd8cb48f68 is an unknown value
R12=0x00007fd8cb52f6f0 is an unknown value
R13=0x00007fd8cdc40530 is an unknown value
R14=0x00007fd8cdc3c550 is an unknown value
R15=0x0000000000000000 is an unknown value


Stack: [0x00007fff581ef000,0x00007fff589ef000],  sp=0x00007fff589ea088,  free space=8172k
Native frames: (J=compiled Java code, j=interpreted, Vv=VM code, C=native code)
C  [libobjc.A.dylib+0x14dd]  objc_msgSend+0x1d
C  [CoreFoundation+0xa0b4f]  ___CFXRegistrationPost_block_invoke+0x3f
C  [CoreFoundation+0xa0ac7]  _CFXRegistrationPost+0x197
C  [CoreFoundation+0xa0832]  ___CFXNotificationPost_block_invoke+0x32
C  [CoreFoundation+0x5d5e2]  -[_CFXNotificationRegistrar find:object:observer:enumerator:]+0x782
C  [CoreFoundation+0x5c835]  _CFXNotificationPost+0x2b5
C  [Foundation+0x717a]  -[NSNotificationCenter postNotificationName:object:userInfo:]+0x42
C  [AppKit+0x26526e]  -[NSSurface _disposeSurface]+0xa9
C  [AppKit+0x264cc7]  -[NSSurface setWindow:]+0x42
C  [AppKit+0x28ba7]  -[NSView _setWindow:]+0x9be
C  [AppKit+0x2b993]  -[NSView removeFromSuperview]+0x1d7
C  [AppKit+0x155c7b]  -[NSView removeFromSuperviewWithoutNeedingDisplay]+0x26
C  [liblwjgl.dylib+0xa205]  +[MacOSXKeyableWindow destroyWindow]+0xb5
C  [Foundation+0x76fde]  __NSThreadPerformPerform+0x117
C  [CoreFoundation+0xaa881]  __CFRUNLOOP_IS_CALLING_OUT_TO_A_SOURCE0_PERFORM_FUNCTION__+0x11
C  [CoreFoundation+0x89fbc]  __CFRunLoopDoSources0+0x22c
C  [CoreFoundation+0x894df]  __CFRunLoopRun+0x39f
C  [CoreFoundation+0x88ed8]  CFRunLoopRunSpecific+0x128
C  [HIToolbox+0x30935]  RunCurrentEventLoopInMode+0xeb
C  [HIToolbox+0x30677]  ReceiveNextEventCommon+0xb8
C  [HIToolbox+0x305af]  _BlockUntilNextEventMatchingListInModeWithFilter+0x47
C  [AppKit+0x48df6]  _DPSNextEvent+0x42b
C  [AppKit+0x48226]  -[NSApplication _nextEventMatchingEventMask:untilDate:inMode:dequeue:]+0x1c6
C  [libosxapp.dylib+0x23aa]  -[NSApplicationAWT nextEventMatchingMask:untilDate:inMode:dequeue:]+0x7c
C  [AppKit+0x3cd80]  -[NSApplication run]+0x2aa
C  [libosxapp.dylib+0x214d]  +[NSApplicationAWT runAWTLoopWithApp:]+0x9c
C  [libawt_lwawt.dylib+0x444b3]  -[AWTStarter starter:]+0x389
C  [Foundation+0x76fde]  __NSThreadPerformPerform+0x117
C  [CoreFoundation+0xaa881]  __CFRUNLOOP_IS_CALLING_OUT_TO_A_SOURCE0_PERFORM_FUNCTION__+0x11
C  [CoreFoundation+0x89fbc]  __CFRunLoopDoSources0+0x22c
C  [CoreFoundation+0x894df]  __CFRunLoopRun+0x39f
C  [CoreFoundation+0x88ed8]  CFRunLoopRunSpecific+0x128
C  [java+0x6465]  CreateExecutionEnvironment+0x367
C  [java+0x218c]  JLI_Launch+0x7a0
C  [java+0x84c2]  main+0x65
C  [java+0x19e4]  start+0x34
C  0x0000000000000004


---------------  P R O C E S S  ---------------

Java Threads: ( => current thread )
  0x00007fd8cc817000 JavaThread "AWT-Shutdown" [_thread_blocked, id=26411, stack(0x0000700000932000,0x0000700000a32000)]
=>0x00007fd8cb95b000 JavaThread "AppKit Thread" daemon [_thread_in_native, id=2571, stack(0x00007fff581ef000,0x00007fff589ef000)]
  0x00007fd8cd050800 JavaThread "Service Thread" daemon [_thread_blocked, id=18691, stack(0x0000700000e44000,0x0000700000f44000)]
  0x00007fd8cd048000 JavaThread "C1 CompilerThread2" daemon [_thread_blocked, id=18179, stack(0x0000700000d41000,0x0000700000e41000)]
  0x00007fd8cd022800 JavaThread "C2 CompilerThread1" daemon [_thread_blocked, id=17667, stack(0x0000700000c3e000,0x0000700000d3e000)]
  0x00007fd8cd046800 JavaThread "C2 CompilerThread0" daemon [_thread_blocked, id=17155, stack(0x0000700000b3b000,0x0000700000c3b000)]
  0x00007fd8cd05e800 JavaThread "Signal Dispatcher" daemon [_thread_blocked, id=12815, stack(0x0000700000a38000,0x0000700000b38000)]
  0x00007fd8cb806800 JavaThread "Finalizer" daemon [_thread_blocked, id=12291, stack(0x000070000082f000,0x000070000092f000)]
  0x00007fd8cc810800 JavaThread "Reference Handler" daemon [_thread_blocked, id=11779, stack(0x000070000072c000,0x000070000082c000)]
  0x00007fd8cb804800 JavaThread "main" [_thread_in_native, id=5891, stack(0x000070000011a000,0x000070000021a000)]

Other Threads:
  0x00007fd8cc006800 VMThread [stack: 0x0000700000629000,0x0000700000729000] [id=11267]
  0x00007fd8cc000000 WatcherThread [stack: 0x0000700000f47000,0x0000700001047000] [id=19203]

VM state:not at safepoint (normal execution)

VM Mutex/Monitor currently owned by a thread: None

Heap:
 PSYoungGen      total 61952K, used 7974K [0x000000076ab00000, 0x000000076ef00000, 0x00000007c0000000)
  eden space 56320K, 13% used [0x000000076ab00000,0x000000076b2b1ab8,0x000000076e200000)
  from space 5632K, 1% used [0x000000076e980000,0x000000076e998000,0x000000076ef00000)
  to   space 6656K, 0% used [0x000000076e200000,0x000000076e200000,0x000000076e880000)
 ParOldGen       total 175104K, used 2922K [0x00000006c0000000, 0x00000006cab00000, 0x000000076ab00000)
  object space 175104K, 1% used [0x00000006c0000000,0x00000006c02da9f8,0x00000006cab00000)
 Metaspace       used 11630K, capacity 11769K, committed 11904K, reserved 1060864K
  class space    used 1037K, capacity 1106K, committed 1152K, reserved 1048576K

Card table byte_map: [0x0000000118157000,0x0000000118958000] byte_map_base: 0x0000000114b57000

Marking Bits: (ParMarkBitMap*) 0x00000001086e8bd0
 Begin Bits: [0x0000000118eae000, 0x000000011ceae000)
 End Bits:   [0x000000011ceae000, 0x0000000120eae000)

Polling page: 0x0000000107506000

CodeCache: size=245760Kb used=7031Kb max_used=7059Kb free=238728Kb
 bounds [0x0000000108d97000, 0x0000000109487000, 0x0000000117d97000]
 total_blobs=2579 nmethods=2092 adapters=400
 compilation: enabled

Compilation events (10 events):
Event: 39.005 Thread 0x00007fd8cd048000 2090       1       quorum.Libraries.Interface.Events.MouseEvent::Get_Libraries_Interface_Events_MouseEvent__eventHandled_ (5 bytes)
Event: 39.005 Thread 0x00007fd8cd048000 nmethod 2090 0x0000000109470dd0 code [0x0000000109470f20, 0x0000000109471030]
Event: 39.039 Thread 0x00007fd8cd048000 2091       1       quorum.Libraries.Containers.Support.SortableContainer::Get_Libraries_Containers_Support_SortableContainer__sorter_ (5 bytes)
Event: 39.039 Thread 0x00007fd8cd048000 nmethod 2091 0x0000000109470b10 code [0x0000000109470c60, 0x0000000109470d70]
Event: 39.555 Thread 0x00007fd8cd022800 2092       4       quorum.Libraries.Game.Graphics.PerspectiveCamera::GetInverseCombinedMatrix (10 bytes)
Event: 39.556 Thread 0x00007fd8cd022800 nmethod 2092 0x000000010946f390 code [0x000000010946f4e0, 0x000000010946f558]
Event: 39.571 Thread 0x00007fd8cd046800 2093       4       quorum.Libraries.Game.Graphics.Model::GetPosition (10 bytes)
Event: 39.579 Thread 0x00007fd8cd046800 nmethod 2093 0x000000010946d1d0 code [0x000000010946d3a0, 0x000000010946da58]
Event: 40.231 Thread 0x00007fd8cd022800 2094       4       java.nio.DirectByteBuffer::put (18 bytes)
Event: 40.232 Thread 0x00007fd8cd022800 nmethod 2094 0x000000010946f0d0 code [0x000000010946f220, 0x000000010946f2d8]

GC Heap History (10 events):
Event: 27.683 GC heap before
{Heap before GC invocations=8 (full 0):
 PSYoungGen      total 61952K, used 61600K [0x000000076ab00000, 0x000000076f400000, 0x00000007c0000000)
  eden space 61440K, 100% used [0x000000076ab00000,0x000000076e700000,0x000000076e700000)
  from space 512K, 31% used [0x000000076e800000,0x000000076e828000,0x000000076e880000)
  to   space 6656K, 0% used [0x000000076ed80000,0x000000076ed80000,0x000000076f400000)
 ParOldGen       total 175104K, used 2858K [0x00000006c0000000, 0x00000006cab00000, 0x000000076ab00000)
  object space 175104K, 1% used [0x00000006c0000000,0x00000006c02ca9f8,0x00000006cab00000)
 Metaspace       used 11611K, capacity 11769K, committed 11904K, reserved 1060864K
  class space    used 1036K, capacity 1106K, committed 1152K, reserved 1048576K
Event: 27.684 GC heap after
Heap after GC invocations=8 (full 0):
 PSYoungGen      total 67072K, used 96K [0x000000076ab00000, 0x000000076f400000, 0x00000007c0000000)
  eden space 60416K, 0% used [0x000000076ab00000,0x000000076ab00000,0x000000076e600000)
  from space 6656K, 1% used [0x000000076ed80000,0x000000076ed98000,0x000000076f400000)
  to   space 7168K, 0% used [0x000000076e600000,0x000000076e600000,0x000000076ed00000)
 ParOldGen       total 175104K, used 2882K [0x00000006c0000000, 0x00000006cab00000, 0x000000076ab00000)
  object space 175104K, 1% used [0x00000006c0000000,0x00000006c02d09f8,0x00000006cab00000)
 Metaspace       used 11611K, capacity 11769K, committed 11904K, reserved 1060864K
  class space    used 1036K, capacity 1106K, committed 1152K, reserved 1048576K
}
Event: 30.802 GC heap before
{Heap before GC invocations=9 (full 0):
 PSYoungGen      total 67072K, used 60512K [0x000000076ab00000, 0x000000076f400000, 0x00000007c0000000)
  eden space 60416K, 100% used [0x000000076ab00000,0x000000076e600000,0x000000076e600000)
  from space 6656K, 1% used [0x000000076ed80000,0x000000076ed98000,0x000000076f400000)
  to   space 7168K, 0% used [0x000000076e600000,0x000000076e600000,0x000000076ed00000)
 ParOldGen       total 175104K, used 2882K [0x00000006c0000000, 0x00000006cab00000, 0x000000076ab00000)
  object space 175104K, 1% used [0x00000006c0000000,0x00000006c02d09f8,0x00000006cab00000)
 Metaspace       used 11611K, capacity 11769K, committed 11904K, reserved 1060864K
  class space    used 1036K, capacity 1106K, committed 1152K, reserved 1048576K
Event: 30.802 GC heap after
Heap after GC invocations=9 (full 0):
 PSYoungGen      total 59904K, used 128K [0x000000076ab00000, 0x000000076f300000, 0x00000007c0000000)
  eden space 59392K, 0% used [0x000000076ab00000,0x000000076ab00000,0x000000076e500000)
  from space 512K, 25% used [0x000000076e600000,0x000000076e620000,0x000000076e680000)
  to   space 7168K, 0% used [0x000000076ec00000,0x000000076ec00000,0x000000076f300000)
 ParOldGen       total 175104K, used 2898K [0x00000006c0000000, 0x00000006cab00000, 0x000000076ab00000)
  object space 175104K, 1% used [0x00000006c0000000,0x00000006c02d49f8,0x00000006cab00000)
 Metaspace       used 11611K, capacity 11769K, committed 11904K, reserved 1060864K
  class space    used 1036K, capacity 1106K, committed 1152K, reserved 1048576K
}
Event: 33.870 GC heap before
{Heap before GC invocations=10 (full 0):
 PSYoungGen      total 59904K, used 59520K [0x000000076ab00000, 0x000000076f300000, 0x00000007c0000000)
  eden space 59392K, 100% used [0x000000076ab00000,0x000000076e500000,0x000000076e500000)
  from space 512K, 25% used [0x000000076e600000,0x000000076e620000,0x000000076e680000)
  to   space 7168K, 0% used [0x000000076ec00000,0x000000076ec00000,0x000000076f300000)
 ParOldGen       total 175104K, used 2898K [0x00000006c0000000, 0x00000006cab00000, 0x000000076ab00000)
  object space 175104K, 1% used [0x00000006c0000000,0x00000006c02d49f8,0x00000006cab00000)
 Metaspace       used 11611K, capacity 11769K, committed 11904K, reserved 1060864K
  class space    used 1036K, capacity 1106K, committed 1152K, reserved 1048576K
Event: 33.871 GC heap after
Heap after GC invocations=10 (full 0):
 PSYoungGen      total 64512K, used 96K [0x000000076ab00000, 0x000000076f200000, 0x00000007c0000000)
  eden space 58368K, 0% used [0x000000076ab00000,0x000000076ab00000,0x000000076e400000)
  from space 6144K, 1% used [0x000000076ec00000,0x000000076ec18000,0x000000076f200000)
  to   space 7168K, 0% used [0x000000076e400000,0x000000076e400000,0x000000076eb00000)
 ParOldGen       total 175104K, used 2906K [0x00000006c0000000, 0x00000006cab00000, 0x000000076ab00000)
  object space 175104K, 1% used [0x00000006c0000000,0x00000006c02d69f8,0x00000006cab00000)
 Metaspace       used 11611K, capacity 11769K, committed 11904K, reserved 1060864K
  class space    used 1036K, capacity 1106K, committed 1152K, reserved 1048576K
}
Event: 36.888 GC heap before
{Heap before GC invocations=11 (full 0):
 PSYoungGen      total 64512K, used 58464K [0x000000076ab00000, 0x000000076f200000, 0x00000007c0000000)
  eden space 58368K, 100% used [0x000000076ab00000,0x000000076e400000,0x000000076e400000)
  from space 6144K, 1% used [0x000000076ec00000,0x000000076ec18000,0x000000076f200000)
  to   space 7168K, 0% used [0x000000076e400000,0x000000076e400000,0x000000076eb00000)
 ParOldGen       total 175104K, used 2906K [0x00000006c0000000, 0x00000006cab00000, 0x000000076ab00000)
  object space 175104K, 1% used [0x00000006c0000000,0x00000006c02d69f8,0x00000006cab00000)
 Metaspace       used 11611K, capacity 11769K, committed 11904K, reserved 1060864K
  class space    used 1036K, capacity 1106K, committed 1152K, reserved 1048576K
Event: 36.889 GC heap after
Heap after GC invocations=11 (full 0):
 PSYoungGen      total 57856K, used 96K [0x000000076ab00000, 0x000000076f000000, 0x00000007c0000000)
  eden space 57344K, 0% used [0x000000076ab00000,0x000000076ab00000,0x000000076e300000)
  from space 512K, 18% used [0x000000076e400000,0x000000076e418000,0x000000076e480000)
  to   space 6656K, 0% used [0x000000076e980000,0x000000076e980000,0x000000076f000000)
 ParOldGen       total 175104K, used 2914K [0x00000006c0000000, 0x00000006cab00000, 0x000000076ab00000)
  object space 175104K, 1% used [0x00000006c0000000,0x00000006c02d89f8,0x00000006cab00000)
 Metaspace       used 11611K, capacity 11769K, committed 11904K, reserved 1060864K
  class space    used 1036K, capacity 1106K, committed 1152K, reserved 1048576K
}
Event: 39.840 GC heap before
{Heap before GC invocations=12 (full 0):
 PSYoungGen      total 57856K, used 57440K [0x000000076ab00000, 0x000000076f000000, 0x00000007c0000000)
  eden space 57344K, 100% used [0x000000076ab00000,0x000000076e300000,0x000000076e300000)
  from space 512K, 18% used [0x000000076e400000,0x000000076e418000,0x000000076e480000)
  to   space 6656K, 0% used [0x000000076e980000,0x000000076e980000,0x000000076f000000)
 ParOldGen       total 175104K, used 2914K [0x00000006c0000000, 0x00000006cab00000, 0x000000076ab00000)
  object space 175104K, 1% used [0x00000006c0000000,0x00000006c02d89f8,0x00000006cab00000)
 Metaspace       used 11624K, capacity 11769K, committed 11904K, reserved 1060864K
  class space    used 1036K, capacity 1106K, committed 1152K, reserved 1048576K
Event: 39.841 GC heap after
Heap after GC invocations=12 (full 0):
 PSYoungGen      total 61952K, used 96K [0x000000076ab00000, 0x000000076ef00000, 0x00000007c0000000)
  eden space 56320K, 0% used [0x000000076ab00000,0x000000076ab00000,0x000000076e200000)
  from space 5632K, 1% used [0x000000076e980000,0x000000076e998000,0x000000076ef00000)
  to   space 6656K, 0% used [0x000000076e200000,0x000000076e200000,0x000000076e880000)
 ParOldGen       total 175104K, used 2922K [0x00000006c0000000, 0x00000006cab00000, 0x000000076ab00000)
  object space 175104K, 1% used [0x00000006c0000000,0x00000006c02da9f8,0x00000006cab00000)
 Metaspace       used 11624K, capacity 11769K, committed 11904K, reserved 1060864K
  class space    used 1036K, capacity 1106K, committed 1152K, reserved 1048576K
}

Deoptimization events (10 events):
Event: 6.790 Thread 0x00007fd8cb804800 Uncommon trap: reason=class_check action=maybe_recompile pc=0x0000000109228058 method=quorum.Libraries.Interface.Item3D.SetPosition(DDD)V @ 29
Event: 6.906 Thread 0x00007fd8cb804800 Uncommon trap: reason=class_check action=maybe_recompile pc=0x0000000109228058 method=quorum.Libraries.Interface.Item3D.SetPosition(DDD)V @ 29
Event: 8.207 Thread 0x00007fd8cb804800 Uncommon trap: reason=class_check action=maybe_recompile pc=0x0000000109228058 method=quorum.Libraries.Interface.Item3D.SetPosition(DDD)V @ 29
Event: 9.690 Thread 0x00007fd8cb804800 Uncommon trap: reason=unstable_if action=reinterpret pc=0x00000001091cb2a0 method=quorum.Libraries.Interface.Item3D.SetOffset(DDD)V @ 47
Event: 9.691 Thread 0x00007fd8cb804800 Uncommon trap: reason=unstable_if action=reinterpret pc=0x00000001091d7498 method=quorum.Libraries.Interface.Item3D.SetOffset(DDD)V @ 47
Event: 9.691 Thread 0x00007fd8cb804800 Uncommon trap: reason=unstable_if action=reinterpret pc=0x0000000109295c48 method=quorum.Libraries.Interface.Item3D.SetOffset(DDD)V @ 47
Event: 36.887 Thread 0x00007fd8cb804800 Uncommon trap: reason=class_check action=maybe_recompile pc=0x000000010927fab4 method=quorum.Libraries.Containers.Array.Merge(Lquorum/Libraries/Containers/Array_;Lquorum/Libraries/Containers/Array_;III)V @ 82
Event: 36.887 Thread 0x00007fd8cb804800 Uncommon trap: reason=class_check action=maybe_recompile pc=0x000000010927fab4 method=quorum.Libraries.Containers.Array.Merge(Lquorum/Libraries/Containers/Array_;Lquorum/Libraries/Containers/Array_;III)V @ 82
Event: 36.904 Thread 0x00007fd8cb804800 Uncommon trap: reason=class_check action=maybe_recompile pc=0x000000010927fab4 method=quorum.Libraries.Containers.Array.Merge(Lquorum/Libraries/Containers/Array_;Lquorum/Libraries/Containers/Array_;III)V @ 82
Event: 36.904 Thread 0x00007fd8cb804800 Uncommon trap: reason=class_check action=maybe_recompile pc=0x000000010927fab4 method=quorum.Libraries.Containers.Array.Merge(Lquorum/Libraries/Containers/Array_;Lquorum/Libraries/Containers/Array_;III)V @ 82

Internal exceptions (10 events):
Event: 0.363 Thread 0x00007fd8cb804800 Exception <a 'java/lang/NoSuchFieldError': method resolution failed> (0x000000076b3c8c60) thrown at [/Users/java_re/workspace/8-2-build-macosx-x86_64/jdk8u92/6642/hotspot/src/share/vm/prims/methodHandles.cpp, line 1146]
Event: 0.655 Thread 0x00007fd8cb804800 Exception <a 'java/io/FileNotFoundException'> (0x000000076b444590) thrown at [/Users/java_re/workspace/8-2-build-macosx-x86_64/jdk8u92/6642/hotspot/src/share/vm/prims/jni.cpp, line 709]
Event: 0.655 Thread 0x00007fd8cb804800 Exception <a 'java/io/FileNotFoundException'> (0x000000076b4450f8) thrown at [/Users/java_re/workspace/8-2-build-macosx-x86_64/jdk8u92/6642/hotspot/src/share/vm/prims/jni.cpp, line 709]
Event: 0.667 Thread 0x00007fd8cb804800 Exception <a 'java/lang/UnsatisfiedLinkError'> (0x000000076b4501a0) thrown at [/Users/java_re/workspace/8-2-build-macosx-x86_64/jdk8u92/6642/hotspot/src/share/vm/prims/jvm.cpp, line 1390]
Event: 1.759 Thread 0x00007fd8cb804800 Exception <a 'java/security/PrivilegedActionException'> (0x000000076cdd4f00) thrown at [/Users/java_re/workspace/8-2-build-macosx-x86_64/jdk8u92/6642/hotspot/src/share/vm/prims/jvm.cpp, line 1386]
Event: 1.759 Thread 0x00007fd8cb804800 Exception <a 'java/security/PrivilegedActionException'> (0x000000076cdd6ae8) thrown at [/Users/java_re/workspace/8-2-build-macosx-x86_64/jdk8u92/6642/hotspot/src/share/vm/prims/jvm.cpp, line 1386]
Event: 1.759 Thread 0x00007fd8cb804800 Exception <a 'java/security/PrivilegedActionException'> (0x000000076cdd7c08) thrown at [/Users/java_re/workspace/8-2-build-macosx-x86_64/jdk8u92/6642/hotspot/src/share/vm/prims/jvm.cpp, line 1386]
Event: 1.759 Thread 0x00007fd8cb804800 Exception <a 'java/security/PrivilegedActionException'> (0x000000076cddcd28) thrown at [/Users/java_re/workspace/8-2-build-macosx-x86_64/jdk8u92/6642/hotspot/src/share/vm/prims/jvm.cpp, line 1386]
Event: 1.760 Thread 0x00007fd8cb804800 Exception <a 'java/security/PrivilegedActionException'> (0x000000076cddd980) thrown at [/Users/java_re/workspace/8-2-build-macosx-x86_64/jdk8u92/6642/hotspot/src/share/vm/prims/jvm.cpp, line 1386]
Event: 1.760 Thread 0x00007fd8cb804800 Exception <a 'java/security/PrivilegedActionException'> (0x000000076cdde5a8) thrown at [/Users/java_re/workspace/8-2-build-macosx-x86_64/jdk8u92/6642/hotspot/src/share/vm/prims/jvm.cpp, line 1386]

Events (10 events):
Event: 36.904 Thread 0x00007fd8cb804800 Uncommon trap: trap_request=0xffffffde fr.pc=0x000000010927fab4
Event: 36.904 Thread 0x00007fd8cb804800 DEOPT PACKING pc=0x000000010927fab4 sp=0x0000700000219280
Event: 36.904 Thread 0x00007fd8cb804800 DEOPT UNPACKING pc=0x0000000108d9c229 sp=0x0000700000219220 mode 2
Event: 36.904 Thread 0x00007fd8cb804800 Uncommon trap: trap_request=0xffffffde fr.pc=0x000000010927fab4
Event: 36.904 Thread 0x00007fd8cb804800 DEOPT PACKING pc=0x000000010927fab4 sp=0x0000700000219280
Event: 36.904 Thread 0x00007fd8cb804800 DEOPT UNPACKING pc=0x0000000108d9c229 sp=0x0000700000219220 mode 2
Event: 39.840 Executing VM operation: ParallelGCFailedAllocation
Event: 39.841 Executing VM operation: ParallelGCFailedAllocation done
Event: 40.228 loading class org/lwjgl/opengl/CallbackUtil
Event: 40.228 loading class org/lwjgl/opengl/CallbackUtil done


Dynamic libraries:
0x000000000ae46000 	/System/Library/Frameworks/Cocoa.framework/Versions/A/Cocoa
0x000000000ae46000 	/System/Library/Frameworks/Security.framework/Versions/A/Security
0x000000000ae46000 	/System/Library/Frameworks/ApplicationServices.framework/Versions/A/ApplicationServices
0x000000000ae46000 	/usr/lib/libz.1.dylib
0x000000000ae46000 	/usr/lib/libSystem.B.dylib
0x000000000ae46000 	/usr/lib/libobjc.A.dylib
0x000000000ae46000 	/System/Library/Frameworks/CoreFoundation.framework/Versions/A/CoreFoundation
0x000000000ae46000 	/System/Library/Frameworks/Foundation.framework/Versions/C/Foundation
0x000000000ae46000 	/System/Library/Frameworks/AppKit.framework/Versions/C/AppKit
0x000000000ae46000 	/System/Library/Frameworks/CoreData.framework/Versions/A/CoreData
0x000000000ae46000 	/System/Library/PrivateFrameworks/RemoteViewServices.framework/Versions/A/RemoteViewServices
0x000000000ae46000 	/System/Library/PrivateFrameworks/UIFoundation.framework/Versions/A/UIFoundation
0x000000000ae46000 	/usr/lib/libScreenReader.dylib
0x000000000ae46000 	/System/Library/Frameworks/Accelerate.framework/Versions/A/Accelerate
0x000000000ae46000 	/System/Library/Frameworks/IOSurface.framework/Versions/A/IOSurface
0x000000000ae46000 	/System/Library/Frameworks/AudioToolbox.framework/Versions/A/AudioToolbox
0x000000000ae46000 	/System/Library/Frameworks/AudioUnit.framework/Versions/A/AudioUnit
0x000000000ae46000 	/System/Library/PrivateFrameworks/DataDetectorsCore.framework/Versions/A/DataDetectorsCore
0x000000000ae46000 	/System/Library/PrivateFrameworks/DesktopServicesPriv.framework/Versions/A/DesktopServicesPriv
0x000000000ae46000 	/System/Library/Frameworks/Carbon.framework/Versions/A/Frameworks/HIToolbox.framework/Versions/A/HIToolbox
0x000000000ae46000 	/System/Library/Frameworks/QuartzCore.framework/Versions/A/QuartzCore
0x000000000ae46000 	/System/Library/Frameworks/Carbon.framework/Versions/A/Frameworks/SpeechRecognition.framework/Versions/A/SpeechRecognition
0x000000000ae46000 	/usr/lib/libauto.dylib
0x000000000ae46000 	/usr/lib/libicucore.A.dylib
0x000000000ae46000 	/usr/lib/libxml2.2.dylib
0x000000000ae46000 	/System/Library/PrivateFrameworks/CoreUI.framework/Versions/A/CoreUI
0x000000000ae46000 	/System/Library/Frameworks/CoreAudio.framework/Versions/A/CoreAudio
0x000000000ae46000 	/System/Library/Frameworks/DiskArbitration.framework/Versions/A/DiskArbitration
0x000000000ae46000 	/usr/lib/liblangid.dylib
0x000000000ae46000 	/System/Library/PrivateFrameworks/MultitouchSupport.framework/Versions/A/MultitouchSupport
0x000000000ae46000 	/System/Library/Frameworks/IOKit.framework/Versions/A/IOKit
0x000000000ae46000 	/usr/lib/libDiagnosticMessagesClient.dylib
0x000000000ae46000 	/System/Library/Frameworks/CoreServices.framework/Versions/A/CoreServices
0x000000000ae46000 	/System/Library/PrivateFrameworks/PerformanceAnalysis.framework/Versions/A/PerformanceAnalysis
0x000000000ae46000 	/System/Library/PrivateFrameworks/GenerationalStorage.framework/Versions/A/GenerationalStorage
0x000000000ae46000 	/System/Library/Frameworks/OpenGL.framework/Versions/A/OpenGL
0x000000000ae46000 	/System/Library/PrivateFrameworks/Sharing.framework/Versions/A/Sharing
0x000000000ae46000 	/System/Library/Frameworks/CoreGraphics.framework/Versions/A/CoreGraphics
0x000000000ae46000 	/System/Library/Frameworks/CoreImage.framework/Versions/A/CoreImage
0x000000000ae46000 	/System/Library/Frameworks/CoreText.framework/Versions/A/CoreText
0x000000000ae46000 	/System/Library/Frameworks/ImageIO.framework/Versions/A/ImageIO
0x000000000ae46000 	/System/Library/PrivateFrameworks/Backup.framework/Versions/A/Backup
0x000000000ae46000 	/usr/lib/libextension.dylib
0x000000000ae46000 	/usr/lib/libarchive.2.dylib
0x000000000ae46000 	/System/Library/Frameworks/CFNetwork.framework/Versions/A/CFNetwork
0x000000000ae46000 	/System/Library/Frameworks/SystemConfiguration.framework/Versions/A/SystemConfiguration
0x000000000ae46000 	/usr/lib/libCRFSuite.dylib
0x000000000ae46000 	/usr/lib/libc++.1.dylib
0x000000000ae46000 	/usr/lib/libc++abi.dylib
0x000000000ae46000 	/usr/lib/system/libcache.dylib
0x000000000ae46000 	/usr/lib/system/libcommonCrypto.dylib
0x000000000ae46000 	/usr/lib/system/libcompiler_rt.dylib
0x000000000ae46000 	/usr/lib/system/libcopyfile.dylib
0x000000000ae46000 	/usr/lib/system/libcorecrypto.dylib
0x000000000ae46000 	/usr/lib/system/libdispatch.dylib
0x000000000ae46000 	/usr/lib/system/libdyld.dylib
0x000000000ae46000 	/usr/lib/system/libkeymgr.dylib
0x000000000ae46000 	/usr/lib/system/liblaunch.dylib
0x000000000ae46000 	/usr/lib/system/libmacho.dylib
0x000000000ae46000 	/usr/lib/system/libquarantine.dylib
0x000000000ae46000 	/usr/lib/system/libremovefile.dylib
0x000000000ae46000 	/usr/lib/system/libsystem_asl.dylib
0x000000000ae46000 	/usr/lib/system/libsystem_blocks.dylib
0x000000000ae46000 	/usr/lib/system/libsystem_c.dylib
0x000000000ae46000 	/usr/lib/system/libsystem_configuration.dylib
0x000000000ae46000 	/usr/lib/system/libsystem_coreservices.dylib
0x000000000ae46000 	/usr/lib/system/libsystem_coretls.dylib
0x000000000ae46000 	/usr/lib/system/libsystem_dnssd.dylib
0x000000000ae46000 	/usr/lib/system/libsystem_info.dylib
0x000000000ae46000 	/usr/lib/system/libsystem_kernel.dylib
0x000000000ae46000 	/usr/lib/system/libsystem_m.dylib
0x000000000ae46000 	/usr/lib/system/libsystem_malloc.dylib
0x000000000ae46000 	/usr/lib/system/libsystem_network.dylib
0x000000000ae46000 	/usr/lib/system/libsystem_networkextension.dylib
0x000000000ae46000 	/usr/lib/system/libsystem_notify.dylib
0x000000000ae46000 	/usr/lib/system/libsystem_platform.dylib
0x000000000ae46000 	/usr/lib/system/libsystem_pthread.dylib
0x000000000ae46000 	/usr/lib/system/libsystem_sandbox.dylib
0x000000000ae46000 	/usr/lib/system/libsystem_secinit.dylib
0x000000000ae46000 	/usr/lib/system/libsystem_trace.dylib
0x000000000ae46000 	/usr/lib/system/libunc.dylib
0x000000000ae46000 	/usr/lib/system/libunwind.dylib
0x000000000ae46000 	/usr/lib/system/libxpc.dylib
0x000000000ae46000 	/usr/lib/libenergytrace.dylib
0x000000000ae46000 	/usr/lib/libbsm.0.dylib
0x000000000ae46000 	/usr/lib/system/libkxld.dylib
0x000000000ae46000 	/usr/lib/libxar.1.dylib
0x000000000ae46000 	/usr/lib/libsqlite3.dylib
0x000000000ae46000 	/usr/lib/libpam.2.dylib
0x000000000ae46000 	/usr/lib/libOpenScriptingUtil.dylib
0x000000000ae46000 	/usr/lib/libbz2.1.0.dylib
0x000000000ae46000 	/usr/lib/liblzma.5.dylib
0x000000000ae46000 	/System/Library/Frameworks/CoreServices.framework/Versions/A/Frameworks/FSEvents.framework/Versions/A/FSEvents
0x000000000ae46000 	/System/Library/Frameworks/CoreServices.framework/Versions/A/Frameworks/CarbonCore.framework/Versions/A/CarbonCore
0x000000000ae46000 	/System/Library/Frameworks/CoreServices.framework/Versions/A/Frameworks/Metadata.framework/Versions/A/Metadata
0x000000000ae46000 	/System/Library/Frameworks/CoreServices.framework/Versions/A/Frameworks/OSServices.framework/Versions/A/OSServices
0x000000000ae46000 	/System/Library/Frameworks/CoreServices.framework/Versions/A/Frameworks/SearchKit.framework/Versions/A/SearchKit
0x000000000ae46000 	/System/Library/Frameworks/CoreServices.framework/Versions/A/Frameworks/AE.framework/Versions/A/AE
0x000000000ae46000 	/System/Library/Frameworks/CoreServices.framework/Versions/A/Frameworks/LaunchServices.framework/Versions/A/LaunchServices
0x000000000ae46000 	/System/Library/Frameworks/CoreServices.framework/Versions/A/Frameworks/DictionaryServices.framework/Versions/A/DictionaryServices
0x000000000ae46000 	/System/Library/Frameworks/CoreServices.framework/Versions/A/Frameworks/SharedFileList.framework/Versions/A/SharedFileList
0x000000000ae46000 	/System/Library/Frameworks/NetFS.framework/Versions/A/NetFS
0x000000000ae46000 	/System/Library/PrivateFrameworks/NetAuth.framework/Versions/A/NetAuth
0x000000000ae46000 	/System/Library/PrivateFrameworks/login.framework/Versions/A/Frameworks/loginsupport.framework/Versions/A/loginsupport
0x000000000ae46000 	/System/Library/PrivateFrameworks/TCC.framework/Versions/A/TCC
0x000000000ae46000 	/usr/lib/libmecabra.dylib
0x000000000ae46000 	/System/Library/Frameworks/ApplicationServices.framework/Versions/A/Frameworks/ATS.framework/Versions/A/ATS
0x000000000ae46000 	/System/Library/Frameworks/ApplicationServices.framework/Versions/A/Frameworks/ColorSync.framework/Versions/A/ColorSync
0x000000000ae46000 	/System/Library/Frameworks/ApplicationServices.framework/Versions/A/Frameworks/HIServices.framework/Versions/A/HIServices
0x000000000ae46000 	/System/Library/Frameworks/ApplicationServices.framework/Versions/A/Frameworks/LangAnalysis.framework/Versions/A/LangAnalysis
0x000000000ae46000 	/System/Library/Frameworks/ApplicationServices.framework/Versions/A/Frameworks/PrintCore.framework/Versions/A/PrintCore
0x000000000ae46000 	/System/Library/Frameworks/ApplicationServices.framework/Versions/A/Frameworks/QD.framework/Versions/A/QD
0x000000000ae46000 	/System/Library/Frameworks/ApplicationServices.framework/Versions/A/Frameworks/SpeechSynthesis.framework/Versions/A/SpeechSynthesis
0x000000000ae46000 	/System/Library/Frameworks/Metal.framework/Versions/A/Metal
0x000000000ae46000 	/System/Library/Frameworks/Accelerate.framework/Versions/A/Frameworks/vImage.framework/Versions/A/vImage
0x000000000ae46000 	/System/Library/Frameworks/Accelerate.framework/Versions/A/Frameworks/vecLib.framework/Versions/A/vecLib
0x000000000ae46000 	/System/Library/Frameworks/Accelerate.framework/Versions/A/Frameworks/vecLib.framework/Versions/A/libvDSP.dylib
0x000000000ae46000 	/System/Library/Frameworks/Accelerate.framework/Versions/A/Frameworks/vecLib.framework/Versions/A/libvMisc.dylib
0x000000000ae46000 	/System/Library/Frameworks/Accelerate.framework/Versions/A/Frameworks/vecLib.framework/Versions/A/libLAPACK.dylib
0x000000000ae46000 	/System/Library/Frameworks/Accelerate.framework/Versions/A/Frameworks/vecLib.framework/Versions/A/libBLAS.dylib
0x000000000ae46000 	/System/Library/Frameworks/Accelerate.framework/Versions/A/Frameworks/vecLib.framework/Versions/A/libLinearAlgebra.dylib
0x000000000ae46000 	/System/Library/Frameworks/Accelerate.framework/Versions/A/Frameworks/vecLib.framework/Versions/A/libSparseBLAS.dylib
0x000000000ae46000 	/System/Library/PrivateFrameworks/GPUCompiler.framework/libmetal_timestamp.dylib
0x000000000ae46000 	/System/Library/Frameworks/OpenGL.framework/Versions/A/Libraries/libCoreFSCache.dylib
0x000000000ae46000 	/System/Library/PrivateFrameworks/IOAccelerator.framework/Versions/A/IOAccelerator
0x000000000ae46000 	/System/Library/Frameworks/ApplicationServices.framework/Versions/A/Frameworks/ATS.framework/Versions/A/Resources/libFontParser.dylib
0x000000000ae46000 	/System/Library/Frameworks/ApplicationServices.framework/Versions/A/Frameworks/ATS.framework/Versions/A/Resources/libFontRegistry.dylib
0x000000000ae46000 	/System/Library/PrivateFrameworks/AppleVPA.framework/Versions/A/AppleVPA
0x000000000ae46000 	/System/Library/PrivateFrameworks/AppleJPEG.framework/Versions/A/AppleJPEG
0x000000000ae46000 	/System/Library/Frameworks/ImageIO.framework/Versions/A/Resources/libJPEG.dylib
0x000000000ae46000 	/System/Library/Frameworks/ImageIO.framework/Versions/A/Resources/libTIFF.dylib
0x000000000ae46000 	/System/Library/Frameworks/ImageIO.framework/Versions/A/Resources/libPng.dylib
0x000000000ae46000 	/System/Library/Frameworks/ImageIO.framework/Versions/A/Resources/libGIF.dylib
0x000000000ae46000 	/System/Library/Frameworks/ImageIO.framework/Versions/A/Resources/libJP2.dylib
0x000000000ae46000 	/System/Library/Frameworks/ImageIO.framework/Versions/A/Resources/libRadiance.dylib
0x000000000ae46000 	/System/Library/Frameworks/CoreVideo.framework/Versions/A/CoreVideo
0x000000000ae46000 	/System/Library/Frameworks/OpenGL.framework/Versions/A/Libraries/libGLU.dylib
0x000000000ae46000 	/System/Library/Frameworks/OpenGL.framework/Versions/A/Libraries/libGFXShared.dylib
0x000000000ae46000 	/System/Library/Frameworks/OpenGL.framework/Versions/A/Libraries/libGL.dylib
0x000000000ae46000 	/System/Library/Frameworks/OpenGL.framework/Versions/A/Libraries/libGLImage.dylib
0x000000000ae46000 	/System/Library/Frameworks/OpenGL.framework/Versions/A/Libraries/libCVMSPluginSupport.dylib
0x000000000ae46000 	/System/Library/Frameworks/OpenGL.framework/Versions/A/Libraries/libCoreVMClient.dylib
0x000000000ae46000 	/usr/lib/libcompression.dylib
0x000000000ae46000 	/usr/lib/libcups.2.dylib
0x000000000ae46000 	/System/Library/Frameworks/Kerberos.framework/Versions/A/Kerberos
0x000000000ae46000 	/System/Library/Frameworks/GSS.framework/Versions/A/GSS
0x000000000ae46000 	/usr/lib/libresolv.9.dylib
0x000000000ae46000 	/usr/lib/libiconv.2.dylib
0x000000000ae46000 	/System/Library/PrivateFrameworks/Heimdal.framework/Versions/A/Heimdal
0x000000000ae46000 	/usr/lib/libheimdal-asn1.dylib
0x000000000ae46000 	/System/Library/Frameworks/OpenDirectory.framework/Versions/A/OpenDirectory
0x000000000ae46000 	/System/Library/PrivateFrameworks/CommonAuth.framework/Versions/A/CommonAuth
0x000000000ae46000 	/System/Library/Frameworks/OpenDirectory.framework/Versions/A/Frameworks/CFOpenDirectory.framework/Versions/A/CFOpenDirectory
0x000000000ae46000 	/System/Library/Frameworks/SecurityFoundation.framework/Versions/A/SecurityFoundation
0x000000000ae46000 	/System/Library/PrivateFrameworks/LanguageModeling.framework/Versions/A/LanguageModeling
0x000000000ae46000 	/usr/lib/libmarisa.dylib
0x000000000ae46000 	/usr/lib/libChineseTokenizer.dylib
0x000000000ae46000 	/usr/lib/libcmph.dylib
0x000000000ae46000 	/System/Library/Frameworks/ServiceManagement.framework/Versions/A/ServiceManagement
0x000000000ae46000 	/usr/lib/libxslt.1.dylib
0x000000000ae46000 	/System/Library/Frameworks/Carbon.framework/Versions/A/Frameworks/Ink.framework/Versions/A/Ink
0x000000000ae46000 	/usr/lib/libFosl_dynamic.dylib
0x000000000ae46000 	/System/Library/PrivateFrameworks/FaceCore.framework/Versions/A/FaceCore
0x000000000ae46000 	/System/Library/Frameworks/OpenCL.framework/Versions/A/OpenCL
0x000000000ae46000 	/System/Library/PrivateFrameworks/CrashReporterSupport.framework/Versions/A/CrashReporterSupport
0x000000000ae46000 	/System/Library/PrivateFrameworks/IconServices.framework/Versions/A/IconServices
0x000000000ae46000 	/System/Library/PrivateFrameworks/Apple80211.framework/Versions/A/Apple80211
0x000000000ae46000 	/System/Library/Frameworks/CoreWLAN.framework/Versions/A/CoreWLAN
0x000000000ae46000 	/System/Library/Frameworks/IOBluetooth.framework/Versions/A/IOBluetooth
0x000000000ae46000 	/System/Library/PrivateFrameworks/CoreWiFi.framework/Versions/A/CoreWiFi
0x000000000ae46000 	/System/Library/Frameworks/CoreBluetooth.framework/Versions/A/CoreBluetooth
0x000000000ae46000 	/System/Library/PrivateFrameworks/ChunkingLibrary.framework/Versions/A/ChunkingLibrary
0x000000000ae46000 	/System/Library/PrivateFrameworks/DebugSymbols.framework/Versions/A/DebugSymbols
0x000000000ae46000 	/System/Library/PrivateFrameworks/CoreSymbolication.framework/Versions/A/CoreSymbolication
0x000000000ae46000 	/System/Library/PrivateFrameworks/Symbolication.framework/Versions/A/Symbolication
0x000000000ae46000 	/System/Library/PrivateFrameworks/SpeechRecognitionCore.framework/Versions/A/SpeechRecognitionCore
0x0000000107e00000 	/Library/Java/JavaVirtualMachines/jdk1.8.0_92.jdk/Contents/Home/jre/lib/server/libjvm.dylib
0x000000000ae46000 	/usr/lib/libstdc++.6.dylib
0x00000001074c3000 	/Library/Java/JavaVirtualMachines/jdk1.8.0_92.jdk/Contents/Home/jre/lib/libverify.dylib
0x00000001074d1000 	/Library/Java/JavaVirtualMachines/jdk1.8.0_92.jdk/Contents/Home/jre/lib/libjava.dylib
0x0000000107510000 	/Library/Java/JavaVirtualMachines/jdk1.8.0_92.jdk/Contents/Home/jre/lib/libzip.dylib
0x00000001075e4000 	/System/Library/Frameworks/JavaVM.framework/Frameworks/JavaRuntimeSupport.framework/JavaRuntimeSupport
0x00000001230d9000 	/System/Library/Frameworks/JavaVM.framework/Versions/A/Frameworks/JavaNativeFoundation.framework/Versions/A/JavaNativeFoundation
0x00000001230ee000 	/System/Library/Frameworks/JavaVM.framework/Versions/A/JavaVM
0x000000000ae46000 	/System/Library/Frameworks/Carbon.framework/Versions/A/Carbon
0x00000001230fb000 	/System/Library/PrivateFrameworks/JavaLaunching.framework/Versions/A/JavaLaunching
0x000000000ae46000 	/System/Library/Frameworks/Carbon.framework/Versions/A/Frameworks/CommonPanels.framework/Versions/A/CommonPanels
0x000000000ae46000 	/System/Library/Frameworks/Carbon.framework/Versions/A/Frameworks/Help.framework/Versions/A/Help
0x000000000ae46000 	/System/Library/Frameworks/Carbon.framework/Versions/A/Frameworks/ImageCapture.framework/Versions/A/ImageCapture
0x000000000ae46000 	/System/Library/Frameworks/Carbon.framework/Versions/A/Frameworks/OpenScripting.framework/Versions/A/OpenScripting
0x000000000ae46000 	/System/Library/Frameworks/Carbon.framework/Versions/A/Frameworks/Print.framework/Versions/A/Print
0x000000000ae46000 	/System/Library/Frameworks/Carbon.framework/Versions/A/Frameworks/SecurityHI.framework/Versions/A/SecurityHI
0x0000000124a35000 	/Users/koinamura/Desktop/Quorum Project 2016-2017/GithubClones/EPIQ16-TeamProject-KoSteveSamSina/Run/jni/libGameEngineCPlugins.so
0x0000000124a85000 	/Users/koinamura/Desktop/Quorum Project 2016-2017/GithubClones/EPIQ16-TeamProject-KoSteveSamSina/Run/jni/libfreetype.dylib
0x0000000124b42000 	/Library/Java/JavaVirtualMachines/jdk1.8.0_92.jdk/Contents/Home/jre/lib/libawt.dylib
0x0000000124bea000 	/Library/Java/JavaVirtualMachines/jdk1.8.0_92.jdk/Contents/Home/jre/lib/./libmlib_image.dylib
0x0000000124cb6000 	/Library/Java/JavaVirtualMachines/jdk1.8.0_92.jdk/Contents/Home/jre/lib/libawt_lwawt.dylib
0x0000000124d6b000 	/Library/Java/JavaVirtualMachines/jdk1.8.0_92.jdk/Contents/Home/jre/lib/./libosxapp.dylib
0x000000000ae46000 	/System/Library/Frameworks/ExceptionHandling.framework/Versions/A/ExceptionHandling
0x000000000ae46000 	/System/Library/PrivateFrameworks/CoreServicesInternal.framework/Versions/A/CoreServicesInternal
0x000000000ae46000 	/System/Library/Frameworks/CoreGraphics.framework/Versions/A/Resources/libRIP.A.dylib
0x000000000ae46000 	/System/Library/Frameworks/Accelerate.framework/Versions/A/Frameworks/vImage.framework/Versions/A/Libraries/libCGInterfaces.dylib
0x000000000ae46000 	/System/Library/Frameworks/CoreGraphics.framework/Versions/A/Resources/libCGXType.A.dylib
0x000000000ae46000 	/System/Library/Frameworks/OpenCL.framework/Versions/A/Libraries/libcldcpuengine.dylib
0x000000000ae46000 	/System/Library/PrivateFrameworks/DiskImages.framework/Versions/A/DiskImages
0x000000000ae46000 	/System/Library/Frameworks/DiscRecording.framework/Versions/A/DiscRecording
0x000000000ae46000 	/usr/lib/libcsfde.dylib
0x000000000ae46000 	/usr/lib/libcurl.4.dylib
0x000000000ae46000 	/System/Library/PrivateFrameworks/MediaKit.framework/Versions/A/MediaKit
0x000000000ae46000 	/System/Library/PrivateFrameworks/ProtectedCloudStorage.framework/Versions/A/ProtectedCloudStorage
0x000000000ae46000 	/usr/lib/libCoreStorage.dylib
0x000000000ae46000 	/System/Library/PrivateFrameworks/EFILogin.framework/Versions/A/EFILogin
0x000000000ae46000 	/usr/lib/libutil.dylib
0x000000000ae46000 	/System/Library/PrivateFrameworks/FindMyDevice.framework/Versions/A/FindMyDevice
0x000000000ae46000 	/System/Library/Frameworks/LDAP.framework/Versions/A/LDAP
0x000000000ae46000 	/usr/lib/libsasl2.2.dylib
0x000000000ae46000 	/System/Library/PrivateFrameworks/CoreDaemon.framework/Versions/B/CoreDaemon
0x000000000ae46000 	/usr/lib/libcrypto.0.9.8.dylib
0x000000000ae46000 	/System/Library/PrivateFrameworks/AppleSRP.framework/Versions/A/AppleSRP
0x000000000ae46000 	/System/Library/PrivateFrameworks/TrustEvaluationAgent.framework/Versions/A/TrustEvaluationAgent
0x0000000125718000 	cl_kernels
0x000000000ae46000 	/System/Library/Frameworks/OpenCL.framework/Versions/A/Libraries/ImageFormats/unorm8_bgra.dylib
0x000000000ae46000 	/System/Library/Frameworks/OpenCL.framework/Versions/A/Libraries/ImageFormats/unorm8_rgba.dylib
0x000000000ae46000 	/System/Library/PrivateFrameworks/FamilyControls.framework/Versions/A/FamilyControls
0x000000000ae46000 	/System/Library/PrivateFrameworks/CommerceKit.framework/Versions/A/Frameworks/CommerceCore.framework/Versions/A/CommerceCore
0x000000000ae46000 	/System/Library/PrivateFrameworks/SystemAdministration.framework/Versions/A/SystemAdministration
0x000000000ae46000 	/System/Library/PrivateFrameworks/AppContainer.framework/Versions/A/AppContainer
0x000000000ae46000 	/System/Library/PrivateFrameworks/SecCodeWrapper.framework/Versions/A/SecCodeWrapper
0x000000000ae46000 	/System/Library/Frameworks/DirectoryService.framework/Versions/A/DirectoryService
0x000000000ae46000 	/System/Library/PrivateFrameworks/LoginUIKit.framework/Versions/A/Frameworks/LoginUICore.framework/Versions/A/LoginUICore
0x000000000ae46000 	/usr/lib/libodfde.dylib
0x0000000127995000 	/Library/Java/JavaVirtualMachines/jdk1.8.0_92.jdk/Contents/Home/jre/lib/libfontmanager.dylib
0x00000001279fc000 	/Users/koinamura/Desktop/Quorum Project 2016-2017/GithubClones/EPIQ16-TeamProject-KoSteveSamSina/Run/jni/liblwjgl.dylib
0x0000000125614000 	/Library/Java/JavaVirtualMachines/jdk1.8.0_92.jdk/Contents/Home/jre/lib/libjawt.dylib
0x000000000ae46000 	/System/Library/Frameworks/OpenGL.framework/Versions/A/Resources/GLEngine.bundle/GLEngine
0x000000000ae46000 	/System/Library/Frameworks/OpenGL.framework/Versions/A/Libraries/libGLProgrammability.dylib
0x0000000127a7e000 	/System/Library/Extensions/AppleIntelBDWGraphicsGLDriver.bundle/Contents/MacOS/AppleIntelBDWGraphicsGLDriver
0x000000000ae46000 	/System/Library/PrivateFrameworks/GPUSupport.framework/Versions/A/Libraries/libGPUSupportMercury.dylib
0x000000000ae46000 	/System/Library/Frameworks/OpenGL.framework/Versions/A/Resources/GLRendererFloat.bundle/GLRendererFloat
0x000000012f90c000 	/Users/koinamura/Desktop/Quorum Project 2016-2017/GithubClones/EPIQ16-TeamProject-KoSteveSamSina/Run/jni/openal.dylib
0x000000012f968000 	/System/Library/Components/CoreAudio.component/Contents/MacOS/CoreAudio
0x000000012647a000 	/System/Library/Extensions/AppleHDA.kext/Contents/PlugIns/AppleHDAHALPlugIn.bundle/Contents/MacOS/AppleHDAHALPlugIn

VM Arguments:
jvm_args: -Dsodbeans=1 
java_command: Run/Default.jar
java_class_path (initial): Run/Default.jar
Launcher Type: SUN_STANDARD

Environment Variables:
PATH=/usr/bin:/bin:/usr/sbin:/sbin
LD_LIBRARY_PATH=/Library/Java/JavaVirtualMachines/jdk1.8.0_92.jdk/Contents/Home/jre/lib/amd64:/Library/Java/JavaVirtualMachines/jdk1.8.0_92.jdk/Contents/Home/jre/lib/i386:
SHELL=/bin/bash

Signal Handlers:
SIGSEGV: [libjvm.dylib+0x5aa779], sa_mask[0]=11111111011111110111111111111111, sa_flags=SA_ONSTACK|SA_RESTART|SA_SIGINFO
SIGBUS: [libjvm.dylib+0x5aa779], sa_mask[0]=11111111011111110111111111111111, sa_flags=SA_RESTART|SA_SIGINFO
SIGFPE: [libjvm.dylib+0x4831d0], sa_mask[0]=11111111011111110111111111111111, sa_flags=SA_RESTART|SA_SIGINFO
SIGPIPE: [libjvm.dylib+0x4831d0], sa_mask[0]=11111111011111110111111111111111, sa_flags=SA_RESTART|SA_SIGINFO
SIGXFSZ: [libjvm.dylib+0x4831d0], sa_mask[0]=11111111011111110111111111111111, sa_flags=SA_RESTART|SA_SIGINFO
SIGILL: [libjvm.dylib+0x4831d0], sa_mask[0]=11111111011111110111111111111111, sa_flags=SA_RESTART|SA_SIGINFO
SIGUSR1: SIG_DFL, sa_mask[0]=00000000000000000000000000000000, sa_flags=none
SIGUSR2: [libjvm.dylib+0x482cee], sa_mask[0]=00100000000000000000000000000000, sa_flags=SA_RESTART|SA_SIGINFO
SIGHUP: [libjvm.dylib+0x4812c5], sa_mask[0]=11111111011111110111111111111111, sa_flags=SA_RESTART|SA_SIGINFO
SIGINT: SIG_IGN, sa_mask[0]=00000000000000000000000000000000, sa_flags=none
SIGTERM: [libjvm.dylib+0x4812c5], sa_mask[0]=11111111011111110111111111111111, sa_flags=SA_RESTART|SA_SIGINFO
SIGQUIT: [libjvm.dylib+0x4812c5], sa_mask[0]=11111111011111110111111111111111, sa_flags=SA_RESTART|SA_SIGINFO


---------------  S Y S T E M  ---------------

OS:Bsduname:Darwin 15.5.0 Darwin Kernel Version 15.5.0: Tue Apr 19 18:36:36 PDT 2016; root:xnu-3248.50.21~8/RELEASE_X86_64 x86_64
rlimit: STACK 8192k, CORE 0k, NPROC 709, NOFILE 10240, AS infinity
load average:1.78 1.62 1.49

CPU:total 4 (2 cores per cpu, 2 threads per core) family 6 model 61 stepping 4, cmov, cx8, fxsr, mmx, sse, sse2, sse3, ssse3, sse4.1, sse4.2, popcnt, avx, avx2, aes, clmul, erms, 3dnowpref, lzcnt, ht, tsc, tscinvbit, bmi1, bmi2, adx

Memory: 4k page, physical 16777216k(3816084k free)

/proc/meminfo:


vm_info: Java HotSpot(TM) 64-Bit Server VM (25.92-b14) for bsd-amd64 JRE (1.8.0_92-b14), built on Mar 31 2016 21:23:14 by "java_re" with gcc 4.2.1 (Based on Apple Inc. build 5658) (LLVM build 2336.11.00)

time: Sun Jul 17 22:17:48 2016
elapsed time: 40 seconds (0d 0h 0m 40s)

